[29 Aug, 2024 - 19:06:21:621] [34minfo[39m: [34m[39m
[34m☘️  MongoDB Connected! Db host: aequuschat-shard-00-00.ruee0.mongodb.net[39m
[34m[39m
[29 Aug, 2024 - 19:07:00:70] [34minfo[39m: [34m[39m
[34m☘️  MongoDB Connected! Db host: aequuschat-shard-00-00.ruee0.mongodb.net[39m
[34m[39m
[29 Aug, 2024 - 19:07:26:726] [34minfo[39m: [34m[39m
[34m☘️  MongoDB Connected! Db host: aequuschat-shard-00-00.ruee0.mongodb.net[39m
[34m[39m
[29 Aug, 2024 - 19:07:26:726] [34minfo[39m: [34m📑 Visit the documentation at: http://localhost:8080[39m
[29 Aug, 2024 - 19:07:26:726] [34minfo[39m: [34m⚙️  Server is running on port: 8080[39m
[29 Aug, 2024 - 19:07:30:730] [35mhttp[39m: [35m::1 GET / 404 - 1.343 ms[39m
[29 Aug, 2024 - 19:12:15:1215] [34minfo[39m: [34m[39m
[34m☘️  MongoDB Connected! Db host: aequuschat-shard-00-00.ruee0.mongodb.net[39m
[34m[39m
[29 Aug, 2024 - 19:12:15:1215] [34minfo[39m: [34m📑 Visit the documentation at: http://localhost:8080[39m
[29 Aug, 2024 - 19:12:15:1215] [34minfo[39m: [34m⚙️  Server is running on port: 8080[39m
[29 Aug, 2024 - 19:12:28:1228] [35mhttp[39m: [35m::1 GET / 200 - 2.612 ms[39m
[29 Aug, 2024 - 19:12:28:1228] [35mhttp[39m: [35m::1 GET /swagger-ui.css 200 - 3.724 ms[39m
[29 Aug, 2024 - 19:12:28:1228] [35mhttp[39m: [35m::1 GET /swagger-ui-init.js 200 - 10.494 ms[39m
[29 Aug, 2024 - 19:12:28:1228] [35mhttp[39m: [35m::1 GET /swagger-ui-standalone-preset.js 200 - 15.801 ms[39m
[29 Aug, 2024 - 19:12:28:1228] [35mhttp[39m: [35m::1 GET /swagger-ui-bundle.js 200 - 16.176 ms[39m
[29 Aug, 2024 - 19:12:29:1229] [35mhttp[39m: [35m::1 GET /favicon-32x32.png 200 - 1.438 ms[39m
[29 Aug, 2024 - 19:12:37:1237] [35mhttp[39m: [35m::1 GET /api/v1/chat-app/chats 200 - 1.171 ms[39m
[29 Aug, 2024 - 19:12:58:1258] [35mhttp[39m: [35m::1 GET /api/v1/chat-app/chats/users 200 - 0.489 ms[39m
[29 Aug, 2024 - 19:13:05:135] [35mhttp[39m: [35m::1 GET / 304 - 2.358 ms[39m
[29 Aug, 2024 - 19:13:05:135] [35mhttp[39m: [35m::1 GET /swagger-ui-bundle.js 304 - 0.719 ms[39m
[29 Aug, 2024 - 19:13:05:135] [35mhttp[39m: [35m::1 GET /swagger-ui.css 304 - 0.290 ms[39m
[29 Aug, 2024 - 19:13:05:135] [35mhttp[39m: [35m::1 GET /swagger-ui-standalone-preset.js 304 - 0.512 ms[39m
[29 Aug, 2024 - 19:13:05:135] [35mhttp[39m: [35m::1 GET /swagger-ui-init.js 304 - 15.098 ms[39m
[29 Aug, 2024 - 19:13:05:135] [35mhttp[39m: [35m::1 GET /favicon-32x32.png 304 - 3.611 ms[39m
[29 Aug, 2024 - 19:13:42:1342] [35mhttp[39m: [35m::1 GET / 304 - 8.567 ms[39m
[29 Aug, 2024 - 19:13:42:1342] [35mhttp[39m: [35m::1 GET /swagger-ui-bundle.js 304 - 0.695 ms[39m
[29 Aug, 2024 - 19:13:42:1342] [35mhttp[39m: [35m::1 GET /swagger-ui-init.js 304 - 10.476 ms[39m
[29 Aug, 2024 - 19:13:42:1342] [35mhttp[39m: [35m::1 GET /swagger-ui.css 304 - 11.120 ms[39m
[29 Aug, 2024 - 19:13:42:1342] [35mhttp[39m: [35m::1 GET /swagger-ui-standalone-preset.js 304 - 2.493 ms[39m
[29 Aug, 2024 - 19:13:44:1344] [35mhttp[39m: [35m::1 GET / 304 - 1.446 ms[39m
[29 Aug, 2024 - 19:13:44:1344] [35mhttp[39m: [35m::1 GET /swagger-ui.css 304 - 1.110 ms[39m
[29 Aug, 2024 - 19:13:44:1344] [35mhttp[39m: [35m::1 GET /swagger-ui-bundle.js 304 - 1.953 ms[39m
[29 Aug, 2024 - 19:13:44:1344] [35mhttp[39m: [35m::1 GET /swagger-ui-init.js 304 - 16.168 ms[39m
[29 Aug, 2024 - 19:13:44:1344] [35mhttp[39m: [35m::1 GET /swagger-ui-standalone-preset.js 304 - 18.624 ms[39m
[29 Aug, 2024 - 19:13:44:1344] [35mhttp[39m: [35m::1 GET /favicon-32x32.png 304 - 0.257 ms[39m
[29 Aug, 2024 - 19:13:45:1345] [35mhttp[39m: [35m::1 GET / 304 - 0.408 ms[39m
[29 Aug, 2024 - 19:13:45:1345] [35mhttp[39m: [35m::1 GET /swagger-ui-init.js 304 - 12.410 ms[39m
[29 Aug, 2024 - 19:13:45:1345] [35mhttp[39m: [35m::1 GET /swagger-ui.css 304 - 12.769 ms[39m
[29 Aug, 2024 - 19:13:45:1345] [35mhttp[39m: [35m::1 GET /swagger-ui-bundle.js 304 - 12.735 ms[39m
[29 Aug, 2024 - 19:13:45:1345] [35mhttp[39m: [35m::1 GET /swagger-ui-standalone-preset.js 304 - 12.718 ms[39m
[29 Aug, 2024 - 19:13:45:1345] [35mhttp[39m: [35m::1 GET /favicon-32x32.png 304 - 0.331 ms[39m
[29 Aug, 2024 - 19:13:46:1346] [35mhttp[39m: [35m::1 GET / 304 - 0.746 ms[39m
[29 Aug, 2024 - 19:13:46:1346] [35mhttp[39m: [35m::1 GET /swagger-ui-init.js 304 - 14.482 ms[39m
[29 Aug, 2024 - 19:13:46:1346] [35mhttp[39m: [35m::1 GET /swagger-ui.css 304 - 15.476 ms[39m
[29 Aug, 2024 - 19:13:46:1346] [35mhttp[39m: [35m::1 GET /swagger-ui-bundle.js 304 - 15.239 ms[39m
[29 Aug, 2024 - 19:13:46:1346] [35mhttp[39m: [35m::1 GET /swagger-ui-standalone-preset.js 304 - 14.915 ms[39m
[29 Aug, 2024 - 19:13:46:1346] [35mhttp[39m: [35m::1 GET /favicon-32x32.png 304 - 2.319 ms[39m
[29 Aug, 2024 - 19:13:46:1346] [35mhttp[39m: [35m::1 GET / 304 - 1.175 ms[39m
[29 Aug, 2024 - 19:13:46:1346] [35mhttp[39m: [35m::1 GET /swagger-ui-init.js 304 - 15.141 ms[39m
[29 Aug, 2024 - 19:13:46:1346] [35mhttp[39m: [35m::1 GET /swagger-ui-standalone-preset.js 304 - 15.988 ms[39m
[29 Aug, 2024 - 19:13:46:1346] [35mhttp[39m: [35m::1 GET /swagger-ui.css 304 - 16.872 ms[39m
[29 Aug, 2024 - 19:13:46:1346] [35mhttp[39m: [35m::1 GET /swagger-ui-bundle.js 304 - 15.846 ms[39m
[29 Aug, 2024 - 19:13:46:1346] [35mhttp[39m: [35m::1 GET / 304 - 0.587 ms[39m
[29 Aug, 2024 - 19:13:46:1346] [35mhttp[39m: [35m::1 GET /swagger-ui-init.js 304 - 10.299 ms[39m
[29 Aug, 2024 - 19:13:46:1346] [35mhttp[39m: [35m::1 GET /swagger-ui.css 304 - 11.170 ms[39m
[29 Aug, 2024 - 19:13:46:1346] [35mhttp[39m: [35m::1 GET /swagger-ui-bundle.js 304 - 10.931 ms[39m
[29 Aug, 2024 - 19:13:46:1346] [35mhttp[39m: [35m::1 GET /swagger-ui-standalone-preset.js 304 - 10.729 ms[39m
[29 Aug, 2024 - 19:13:46:1346] [35mhttp[39m: [35m::1 GET / 304 - 0.545 ms[39m
[29 Aug, 2024 - 19:13:46:1346] [35mhttp[39m: [35m::1 GET /favicon-32x32.png 304 - 1.451 ms[39m
[29 Aug, 2024 - 19:13:46:1346] [35mhttp[39m: [35m::1 GET /swagger-ui-init.js 304 - 13.629 ms[39m
[29 Aug, 2024 - 19:13:46:1346] [35mhttp[39m: [35m::1 GET /swagger-ui.css 304 - 15.282 ms[39m
[29 Aug, 2024 - 19:13:46:1346] [35mhttp[39m: [35m::1 GET /swagger-ui-bundle.js 304 - 15.648 ms[39m
[29 Aug, 2024 - 19:13:46:1346] [35mhttp[39m: [35m::1 GET /swagger-ui-standalone-preset.js 304 - 15.531 ms[39m
[29 Aug, 2024 - 19:13:46:1346] [35mhttp[39m: [35m::1 GET /favicon-16x16.png 200 - 18.175 ms[39m
[29 Aug, 2024 - 19:13:46:1346] [35mhttp[39m: [35m::1 GET /favicon-32x32.png 304 - 0.314 ms[39m
[29 Aug, 2024 - 19:14:04:144] [34minfo[39m: [34m[39m
[34m☘️  MongoDB Connected! Db host: aequuschat-shard-00-00.ruee0.mongodb.net[39m
[34m[39m
[29 Aug, 2024 - 19:14:04:144] [34minfo[39m: [34m📑 Visit the documentation at: http://localhost:8080[39m
[29 Aug, 2024 - 19:14:04:144] [34minfo[39m: [34m⚙️  Server is running on port: 8080[39m
[29 Aug, 2024 - 19:14:10:1410] [34minfo[39m: [34m[39m
[34m☘️  MongoDB Connected! Db host: aequuschat-shard-00-00.ruee0.mongodb.net[39m
[34m[39m
[29 Aug, 2024 - 19:14:10:1410] [34minfo[39m: [34m📑 Visit the documentation at: http://localhost:8080[39m
[29 Aug, 2024 - 19:14:10:1410] [34minfo[39m: [34m⚙️  Server is running on port: 8080[39m
[29 Aug, 2024 - 19:14:12:1412] [34minfo[39m: [34m[39m
[34m☘️  MongoDB Connected! Db host: aequuschat-shard-00-00.ruee0.mongodb.net[39m
[34m[39m
[29 Aug, 2024 - 19:14:12:1412] [34minfo[39m: [34m📑 Visit the documentation at: http://localhost:8080[39m
[29 Aug, 2024 - 19:14:12:1412] [34minfo[39m: [34m⚙️  Server is running on port: 8080[39m
[29 Aug, 2024 - 19:14:13:1413] [35mhttp[39m: [35m::1 GET / 404 - 2.052 ms[39m
[29 Aug, 2024 - 19:18:12:1812] [34minfo[39m: [34m[39m
[34m☘️  MongoDB Connected! Db host: aequuschat-shard-00-00.ruee0.mongodb.net[39m
[34m[39m
[29 Aug, 2024 - 19:18:12:1812] [34minfo[39m: [34m📑 Visit the documentation at: http://localhost:8080[39m
[29 Aug, 2024 - 19:18:12:1812] [34minfo[39m: [34m⚙️  Server is running on port: 8080[39m
[29 Aug, 2024 - 19:18:16:1816] [35mhttp[39m: [35m::1 GET / 404 - 3.998 ms[39m
[29 Aug, 2024 - 19:18:28:1828] [31merror[39m: [31mYou have previously registered using undefined. Please use the undefined login option to access your account.[39m
[29 Aug, 2024 - 19:18:28:1828] [35mhttp[39m: [35m::1 POST /api/v1/users/login 400 - 56.613 ms[39m
[29 Aug, 2024 - 19:18:51:1851] [35mhttp[39m: [35m::1 POST /api/v1/users/register 201 - 600.492 ms[39m
[29 Aug, 2024 - 19:19:00:190] [31merror[39m: [31mYou have previously registered using undefined. Please use the undefined login option to access your account.[39m
[29 Aug, 2024 - 19:19:00:190] [35mhttp[39m: [35m::1 POST /api/v1/users/login 400 - 51.281 ms[39m
[29 Aug, 2024 - 19:24:21:2421] [34minfo[39m: [34m[39m
[34m☘️  MongoDB Connected! Db host: aequuschat-shard-00-00.ruee0.mongodb.net[39m
[34m[39m
[29 Aug, 2024 - 19:24:21:2421] [34minfo[39m: [34m📑 Visit the documentation at: http://localhost:8080[39m
[29 Aug, 2024 - 19:24:21:2421] [34minfo[39m: [34m⚙️  Server is running on port: 8080[39m
[29 Aug, 2024 - 19:24:34:2434] [34minfo[39m: [34m[39m
[34m☘️  MongoDB Connected! Db host: aequuschat-shard-00-00.ruee0.mongodb.net[39m
[34m[39m
[29 Aug, 2024 - 19:24:34:2434] [34minfo[39m: [34m📑 Visit the documentation at: http://localhost:8080[39m
[29 Aug, 2024 - 19:24:34:2434] [34minfo[39m: [34m⚙️  Server is running on port: 8080[39m
[29 Aug, 2024 - 19:24:40:2440] [34minfo[39m: [34m[39m
[34m☘️  MongoDB Connected! Db host: aequuschat-shard-00-00.ruee0.mongodb.net[39m
[34m[39m
[29 Aug, 2024 - 19:24:40:2440] [34minfo[39m: [34m📑 Visit the documentation at: http://localhost:8080[39m
[29 Aug, 2024 - 19:24:40:2440] [34minfo[39m: [34m⚙️  Server is running on port: 8080[39m
[29 Aug, 2024 - 19:24:50:2450] [31merror[39m: [31mYou have previously registered using undefined. Please use the undefined login option to access your account.[39m
[29 Aug, 2024 - 19:24:50:2450] [35mhttp[39m: [35m::1 POST /api/v1/users/login 400 - 79.418 ms[39m
[29 Aug, 2024 - 19:25:02:252] [31merror[39m: [31mReceived data is not valid[39m
[29 Aug, 2024 - 19:25:02:252] [35mhttp[39m: [35m::1 POST /api/v1/users/register 422 - 12.933 ms[39m
[29 Aug, 2024 - 19:25:18:2518] [31merror[39m: [31mEmail service failed silently. Make sure you have provided your MAILTRAP credentials in the .env file[39m
[29 Aug, 2024 - 19:25:18:2518] [31merror[39m: [31mError:  getaddrinfo ENOTFOUND __mailtrap_smtp_host__[39m
[29 Aug, 2024 - 19:25:18:2518] [35mhttp[39m: [35m::1 POST /api/v1/users/register 201 - 494.436 ms[39m
[29 Aug, 2024 - 19:25:25:2525] [31merror[39m: [31mYou have previously registered using undefined. Please use the undefined login option to access your account.[39m
[29 Aug, 2024 - 19:25:25:2525] [35mhttp[39m: [35m::1 POST /api/v1/users/login 400 - 78.494 ms[39m
[29 Aug, 2024 - 19:26:14:2614] [34minfo[39m: [34m[39m
[34m☘️  MongoDB Connected! Db host: aequuschat-shard-00-00.ruee0.mongodb.net[39m
[34m[39m
[29 Aug, 2024 - 19:26:14:2614] [34minfo[39m: [34m📑 Visit the documentation at: http://localhost:8080[39m
[29 Aug, 2024 - 19:26:14:2614] [34minfo[39m: [34m⚙️  Server is running on port: 8080[39m
[29 Aug, 2024 - 19:26:22:2622] [31merror[39m: [31mUser does not exist[39m
[29 Aug, 2024 - 19:26:22:2622] [35mhttp[39m: [35m::1 POST /api/v1/users/login 404 - 55.671 ms[39m
[29 Aug, 2024 - 19:26:38:2638] [31merror[39m: [31mEmail service failed silently. Make sure you have provided your MAILTRAP credentials in the .env file[39m
[29 Aug, 2024 - 19:26:38:2638] [31merror[39m: [31mError:  getaddrinfo ENOTFOUND __mailtrap_smtp_host__[39m
[29 Aug, 2024 - 19:26:38:2638] [35mhttp[39m: [35m::1 POST /api/v1/users/register 201 - 337.288 ms[39m
[29 Aug, 2024 - 19:26:43:2643] [31merror[39m: [31mYou have previously registered using undefined. Please use the undefined login option to access your account.[39m
[29 Aug, 2024 - 19:26:43:2643] [35mhttp[39m: [35m::1 POST /api/v1/users/login 400 - 55.779 ms[39m
[29 Aug, 2024 - 19:27:21:2721] [34minfo[39m: [34m[39m
[34m☘️  MongoDB Connected! Db host: aequuschat-shard-00-00.ruee0.mongodb.net[39m
[34m[39m
[29 Aug, 2024 - 19:27:21:2721] [34minfo[39m: [34m📑 Visit the documentation at: http://localhost:8080[39m
[29 Aug, 2024 - 19:27:21:2721] [34minfo[39m: [34m⚙️  Server is running on port: 8080[39m
[29 Aug, 2024 - 19:27:40:2740] [34minfo[39m: [34m[39m
[34m☘️  MongoDB Connected! Db host: aequuschat-shard-00-00.ruee0.mongodb.net[39m
[34m[39m
[29 Aug, 2024 - 19:27:40:2740] [34minfo[39m: [34m📑 Visit the documentation at: http://localhost:8080[39m
[29 Aug, 2024 - 19:27:40:2740] [34minfo[39m: [34m⚙️  Server is running on port: 8080[39m
[29 Aug, 2024 - 19:27:46:2746] [31merror[39m: [31mYou have previously registered using undefined. Please use the undefined login option to access your account.[39m
[29 Aug, 2024 - 19:27:46:2746] [35mhttp[39m: [35m::1 POST /api/v1/users/login 400 - 62.185 ms[39m
[29 Aug, 2024 - 19:28:15:2815] [31merror[39m: [31mYou have previously registered using undefined. Please use the undefined login option to access your account.[39m
[29 Aug, 2024 - 19:28:15:2815] [35mhttp[39m: [35m::1 POST /api/v1/users/login 400 - 54.322 ms[39m
[29 Aug, 2024 - 19:30:25:3025] [34minfo[39m: [34m[39m
[34m☘️  MongoDB Connected! Db host: aequuschat-shard-00-00.ruee0.mongodb.net[39m
[34m[39m
[29 Aug, 2024 - 19:30:25:3025] [34minfo[39m: [34m📑 Visit the documentation at: http://localhost:8080[39m
[29 Aug, 2024 - 19:30:25:3025] [34minfo[39m: [34m⚙️  Server is running on port: 8080[39m
[29 Aug, 2024 - 19:30:32:3032] [31merror[39m: [31mYou have previously registered using undefined. Please use the undefined login option to access your account.[39m
[29 Aug, 2024 - 19:30:32:3032] [35mhttp[39m: [35m::1 POST /api/v1/users/login 400 - 90.791 ms[39m
[29 Aug, 2024 - 19:30:40:3040] [31merror[39m: [31mYou have previously registered using undefined. Please use the undefined login option to access your account.[39m
[29 Aug, 2024 - 19:30:40:3040] [35mhttp[39m: [35m::1 POST /api/v1/users/login 400 - 67.264 ms[39m
[29 Aug, 2024 - 19:30:49:3049] [31merror[39m: [31mYou have previously registered using undefined. Please use the undefined login option to access your account.[39m
[29 Aug, 2024 - 19:30:49:3049] [35mhttp[39m: [35m::1 POST /api/v1/users/login 400 - 66.210 ms[39m
[29 Aug, 2024 - 19:30:50:3050] [31merror[39m: [31mUser does not exist[39m
[29 Aug, 2024 - 19:30:50:3050] [35mhttp[39m: [35m::1 POST /api/v1/users/login 404 - 177.921 ms[39m
[29 Aug, 2024 - 19:30:51:3051] [31merror[39m: [31mUser does not exist[39m
[29 Aug, 2024 - 19:30:51:3051] [35mhttp[39m: [35m::1 POST /api/v1/users/login 404 - 43.587 ms[39m
[29 Aug, 2024 - 19:33:01:331] [34minfo[39m: [34m[39m
[34m☘️  MongoDB Connected! Db host: aequuschat-shard-00-00.ruee0.mongodb.net[39m
[34m[39m
[29 Aug, 2024 - 19:33:01:331] [34minfo[39m: [34m📑 Visit the documentation at: http://localhost:8080[39m
[29 Aug, 2024 - 19:33:01:331] [34minfo[39m: [34m⚙️  Server is running on port: 8080[39m
[29 Aug, 2024 - 19:33:13:3313] [31merror[39m: [31mYou have previously registered using undefined. Please use the undefined login option to access your account.[39m
[29 Aug, 2024 - 19:33:13:3313] [35mhttp[39m: [35m::1 POST /api/v1/users/login 400 - 540.372 ms[39m
[29 Aug, 2024 - 19:33:26:3326] [31merror[39m: [31mYou have previously registered using undefined. Please use the undefined login option to access your account.[39m
[29 Aug, 2024 - 19:33:26:3326] [35mhttp[39m: [35m::1 POST /api/v1/users/login 400 - 93.915 ms[39m
[29 Aug, 2024 - 19:35:05:355] [34minfo[39m: [34m[39m
[34m☘️  MongoDB Connected! Db host: aequuschat-shard-00-00.ruee0.mongodb.net[39m
[34m[39m
[29 Aug, 2024 - 19:35:05:355] [34minfo[39m: [34m📑 Visit the documentation at: http://localhost:8080[39m
[29 Aug, 2024 - 19:35:05:355] [34minfo[39m: [34m⚙️  Server is running on port: 8080[39m
[29 Aug, 2024 - 19:35:13:3513] [35mhttp[39m: [35m::1 GET / 404 - 1.384 ms[39m
[29 Aug, 2024 - 19:35:19:3519] [35mhttp[39m: [35m::1 POST /api/v1/users/login 200 - 331.350 ms[39m
[29 Aug, 2024 - 19:35:19:3519] [35mhttp[39m: [35m::1 GET /api/v1/chat-app/chats 200 - 101.046 ms[39m
[29 Aug, 2024 - 19:35:19:3519] [35mhttp[39m: [35m::1 GET /api/v1/chat-app/chats 304 - 82.447 ms[39m
[29 Aug, 2024 - 19:35:26:3526] [35mhttp[39m: [35m::1 GET /api/v1/chat-app/chats/users 200 - 193.397 ms[39m
[29 Aug, 2024 - 19:35:29:3529] [35mhttp[39m: [35m::1 POST /api/v1/users/logout 200 - 131.611 ms[39m
